<?xml version="1.0" encoding="UTF-8"?>
<testng-results skipped="0" failed="0" ignored="0" total="1" passed="1">
  <reporter-output>
  </reporter-output>
  <suite name="Default suite" duration-ms="4872" started-at="2021-11-26T03:54:16Z" finished-at="2021-11-26T03:54:21Z">
    <groups>
    </groups>
    <test name="Default test" duration-ms="4872" started-at="2021-11-26T03:54:16Z" finished-at="2021-11-26T03:54:21Z">
      <class name="com.class11.Task">
        <test-method status="PASS" signature="readFile()[pri:0, instance:com.class11.Task@2a5ca609]" name="readFile" duration-ms="4840" started-at="2021-11-26T03:54:16Z" finished-at="2021-11-26T03:54:21Z">
          <reporter-output>
          </reporter-output>
        </test-method> <!-- readFile -->
      </class> <!-- com.class11.Task -->
    </test> <!-- Default test -->
  </suite> <!-- Default suite -->
</testng-results>
