<?xml version="1.0" encoding="UTF-8"?>
<testng-results skipped="0" failed="0" ignored="0" total="1" passed="1">
  <reporter-output>
  </reporter-output>
  <suite name="Default suite" duration-ms="14681" started-at="2019-06-05T00:50:44Z" finished-at="2019-06-05T00:50:59Z">
    <groups>
    </groups>
    <test name="Default test" duration-ms="14681" started-at="2019-06-05T00:50:44Z" finished-at="2019-06-05T00:50:59Z">
      <class name="com.class11.Taskkk">
        <test-method status="PASS" signature="setUp()[pri:0, instance:com.class11.Taskkk@482f8f11]" name="setUp" is-config="true" duration-ms="8710" started-at="2019-06-05T00:50:44Z" finished-at="2019-06-05T00:50:53Z">
          <reporter-output>
          </reporter-output>
        </test-method> <!-- setUp -->
        <test-method status="PASS" signature="searchFlight()[pri:0, instance:com.class11.Taskkk@482f8f11]" name="searchFlight" duration-ms="5154" started-at="2019-06-05T00:50:53Z" finished-at="2019-06-05T00:50:58Z">
          <reporter-output>
          </reporter-output>
        </test-method> <!-- searchFlight -->
        <test-method status="PASS" signature="tearDown()[pri:0, instance:com.class11.Taskkk@482f8f11]" name="tearDown" is-config="true" duration-ms="786" started-at="2019-06-05T00:50:58Z" finished-at="2019-06-05T00:50:59Z">
          <reporter-output>
          </reporter-output>
        </test-method> <!-- tearDown -->
      </class> <!-- com.class11.Taskkk -->
    </test> <!-- Default test -->
  </suite> <!-- Default suite -->
</testng-results>
